<?xml version="1.0" encoding="UTF-8"?>
<testsuites name="Test suite folder 3" time="723.556" tests="2" failures="0" errors="0">
   <testsuite name="Test suite folder 3" tests="2" failures="0" errors="0" time="723.556" skipped="0" timestamp="2023-03-11 00:21:47" hostname="00123955 - L181102205W10.mshome.net" id="Test Suites/Test suite folder 3">
      <properties>
         <property name="deviceName" value=""/>
         <property name="devicePlatform" value=""/>
         <property name="logFolder" value="C:\\Users\\00123955\\git\\showcaseGITmarch\\Reports\\20230311_002112\\Test suite folder 3\\20230311_002118"/>
         <property name="logFiles" value="C:\\Users\\00123955\\git\\showcaseGITmarch\\Reports\\20230311_002112\\Test suite folder 3\\20230311_002118\\execution0.log"/>
         <property name="attachments" value=""/>
         <property name="hostName" value="00123955 - L181102205W10.mshome.net"/>
         <property name="remoteDriverUrl" value="testcloud.katalon.com/hub"/>
         <property name="desiredCapabilities" value="{
  &quot;acceptInsecureCerts&quot;: false,
  &quot;browserName&quot;: &quot;chrome&quot;,
  &quot;browserVersion&quot;: &quot;107.0.5304.110&quot;,
  &quot;chrome&quot;: {
    &quot;chromedriverVersion&quot;: &quot;107.0.5304.62 (1eec40d3a5764881c92085aaee66d25075c159aa-refs/branch-heads/5304@{#942})&quot;,
    &quot;userDataDir&quot;: &quot;/tmp/.com.google.Chrome.l7tZw5&quot;
  },
  &quot;goog:chromeOptions&quot;: {
    &quot;debuggerAddress&quot;: &quot;localhost:41327&quot;
  },
  &quot;javascriptEnabled&quot;: true,
  &quot;katalon:option&quot;: {
    &quot;unlimitedExecutionMinutes&quot;: true,
    &quot;jwt&quot;: &quot;eyJ0eXAiOiJKV1QiLCJhbGciOiJSUzI1NiJ9.eyJzdWIiOiJtb2hkbW9zYWouZ0BtYXliYW5rLmNvbSIsInVwbiI6IjQwNzMzMyIsImdyb3VwcyI6WyJVU0VSIl0sInN0YXR1cyI6IkxFR0FDWSIsImdpdmVuX25hbWUiOiJtb3NhamdvaGFyIiwiZmFtaWx5X25hbWUiOiIiLCJlbWFpbCI6Im1vaGRtb3Nhai5nQG1heWJhbmsuY29tIiwiZW1haWxfdmVyaWZpZWQiOmZhbHNlLCJjcmVhdGVkX2F0IjoxNTgxNjUzMTUzLCJ1cGRhdGVkX2F0IjoxNjc4NDY0OTQ4LCJhbXIiOlsicHdkIl0sImlhdCI6MTY3ODQ2NTE5NSwiZXhwIjoxNjc5MDY5OTk1LCJqdGkiOiJmOTY3MTQ2ZC1hYzdhLTQ3NjMtYjAzOC04NGM4ZDQ3NDVmMTAiLCJpc3MiOiJrYXRhbG9uLWF1dGgifQ.ItWX4GHaC8GtRmjZ6zmSo3EbGnPoQ_Mpiu9Q56wYDHSwoK4NIrClSUeVlH-iZrbBVe9WnCSreTw5EPoMT5mA1xfVm0SHjtehedcyWMaalhjD8X-4vIDqcm1K3SDMeJgbd7C96L-GI6bU-q8mnv65nynIthiSj2s147MkNSfoQ0TA3Wc-QIyT9-aDkbVMqexMw5ESIVqnxDoC7PPgwKoo75nF-u_g9bYMmJP2XVajacYR4wmMgtuzlrFdZYbs-HBmGTsBcQcWSd-0rnpU6sd2rmZDm3kC7A8Impc2VbuApuXBZEL02-usy07lKqFiwfnwmDcmBzs9xGs13D5T0kBNmg&quot;,
    &quot;userId&quot;: 407333,
    &quot;organizationId&quot;: &quot;1112204&quot;,
    &quot;class&quot;: &quot;com.katalon.testcloud.grid.common.tunnel.domain.UserOptionCapability&quot;,
    &quot;runFromTestCloud&quot;: true,
    &quot;usingTunnel&quot;: false,
    &quot;username&quot;: &quot;mohdmosaj.g@maybank.com&quot;
  },
  &quot;networkConnectionEnabled&quot;: false,
  &quot;pageLoadStrategy&quot;: &quot;normal&quot;,
  &quot;platform&quot;: &quot;LINUX&quot;,
  &quot;platformName&quot;: &quot;LINUX&quot;,
  &quot;proxy&quot;: {
    &quot;proxyType&quot;: &quot;DIRECT&quot;,
    &quot;autodetect&quot;: false
  },
  &quot;requestId&quot;: &quot;f2ffdc35-b59f-45c3-8f4a-498bb86f43f2&quot;,
  &quot;se:cdp&quot;: &quot;ws://172.48.28.30:4444/session/8f92d599a71565f12195297bc981187e/se/cdp&quot;,
  &quot;se:cdpVersion&quot;: &quot;107.0.5304.110&quot;,
  &quot;se:vnc&quot;: &quot;ws://172.48.28.30:4444/session/8f92d599a71565f12195297bc981187e/se/vnc&quot;,
  &quot;se:vncEnabled&quot;: true,
  &quot;se:vncLocalAddress&quot;: &quot;ws://172.48.28.30:7900&quot;,
  &quot;setWindowRect&quot;: true,
  &quot;strictFileInteractability&quot;: false,
  &quot;timeouts&quot;: {
    &quot;implicit&quot;: 0,
    &quot;pageLoad&quot;: 300000,
    &quot;script&quot;: 30000
  },
  &quot;unhandledPromptBehavior&quot;: &quot;dismiss and notify&quot;,
  &quot;webauthn:extension:credBlob&quot;: true,
  &quot;webauthn:extension:largeBlob&quot;: true,
  &quot;webauthn:virtualAuthenticators&quot;: true
}"/>
         <property name="os" value="Windows 10 64bit"/>
         <property name="remoteOS" value="Linux"/>
         <property name="katalonVersion" value="8.5.5.208"/>
         <property name="browser" value="Chrome 107.0.0.0"/>
         <property name="hostAddress" value="192.168.174.129"/>
         <property name="sessionId" value="8f92d599a71565f12195297bc981187e"/>
         <property name="seleniumVersion" value="3.141.59"/>
         <property name="proxyInformation" value="ProxyInformation { proxyOption=NO_PROXY, proxyServerType=HTTP, username=, password=********, proxyServerAddress=, proxyServerPort=0, executionList=&quot;&quot;, isApplyToDesiredCapabilities=true }"/>
         <property name="platform" value="Windows 10"/>
      </properties>
      <testcase name="Test Cases/Web Login/m2u registration" time="94.6" classname="Test Cases/Web Login/m2u registration" status="PASSED">
         <system-out><![CDATA[2023-03-11 00:25:57 - [TEST_CASE][PASSED] - Test Cases/Web Login/m2u registration: Test Cases/Web Login/m2u registration

2023-03-11 00:25:57 - [TEST_STEP][PASSED] - openBrowser(""): Browser is opened with url: ''

2023-03-11 00:25:57 - [MESSAGE][INFO] - User set preference: ['os', 'linux']

2023-03-11 00:25:57 - [MESSAGE][INFO] - User set preference: ['browserName', 'chrome']

2023-03-11 00:25:57 - [MESSAGE][INFO] - User set preference: ['browserVersion', '107']

2023-03-11 00:25:57 - [MESSAGE][INFO] - User set preference: ['katalon:option', '{organizationId=1112204, tunnelId=, usingTunnel=false}']

2023-03-11 00:25:57 - [MESSAGE][INFO] - Connecting to remote web server 'testcloud.katalon.com/hub' with type 'Selenium'

2023-03-11 00:25:57 - [MESSAGE][INFO] - Action delay is set to 0 milliseconds

2023-03-11 00:26:29 - [MESSAGE][PASSED] - Browser is opened with url: ''

2023-03-11 00:26:29 - [TEST_STEP][PASSED] - maximizeWindow(): Current window maximized

2023-03-11 00:26:30 - [MESSAGE][PASSED] - Current window maximized

2023-03-11 00:26:30 - [TEST_STEP][PASSED] - navigateToUrl("https://www.maybank2u.com.my/home/m2u/common/login.do"): Navigate to 'https://www.maybank2u.com.my/home/m2u/common/login.do' successfully

2023-03-11 00:26:35 - [MESSAGE][PASSED] - Navigate to 'https://www.maybank2u.com.my/home/m2u/common/login.do' successfully

2023-03-11 00:26:35 - [TEST_STEP][PASSED] - delay(2): Delayed 2 second(s)

2023-03-11 00:26:37 - [MESSAGE][PASSED] - Delayed 2 second(s)

2023-03-11 00:26:37 - [TEST_STEP][PASSED] - click(findTestObject("Object Repository/m2u registration/Page_Maybank2u  Maybank Malaysia/span_REGISTER NOW")): Object: 'Object Repository/m2u registration/Page_Maybank2u  Maybank Malaysia/span_REGISTER NOW' is clicked on

2023-03-11 00:26:40 - [MESSAGE][PASSED] - Object: 'Object Repository/m2u registration/Page_Maybank2u  Maybank Malaysia/span_REGISTER NOW' is clicked on

2023-03-11 00:26:40 - [TEST_STEP][PASSED] - getText(findTestObject("Object Repository/m2u registration/Page_Maybank2u  Maybank Malaysia/span_Ready to create an account")): Text of object 'Object Repository/m2u registration/Page_Maybank2u  Maybank Malaysia/span_Ready to create an account' is: 'Ready to create an account?'

2023-03-11 00:26:44 - [MESSAGE][PASSED] - Text of object 'Object Repository/m2u registration/Page_Maybank2u  Maybank Malaysia/span_Ready to create an account' is: 'Ready to create an account?'

2023-03-11 00:26:44 - [TEST_STEP][PASSED] - setText(findTestObject("Object Repository/m2u registration/Page_Maybank2u  Maybank Malaysia/input_Card  Access Number_Registration---pa_a8d3dc"), "11111111111111"): Text '11111111111111' is set on object 'Object Repository/m2u registration/Page_Maybank2u  Maybank Malaysia/input_Card  Access Number_Registration---pa_a8d3dc'

2023-03-11 00:26:52 - [MESSAGE][PASSED] - Text '11111111111111' is set on object 'Object Repository/m2u registration/Page_Maybank2u  Maybank Malaysia/input_Card  Access Number_Registration---pa_a8d3dc'

2023-03-11 00:26:52 - [TEST_STEP][PASSED] - setText(findTestObject("Object Repository/m2u registration/Page_Maybank2u  Maybank Malaysia/input_PIN_Registration---pair-input---2_o7S"), "123456"): Text '123456' is set on object 'Object Repository/m2u registration/Page_Maybank2u  Maybank Malaysia/input_PIN_Registration---pair-input---2_o7S'

2023-03-11 00:26:59 - [MESSAGE][PASSED] - Text '123456' is set on object 'Object Repository/m2u registration/Page_Maybank2u  Maybank Malaysia/input_PIN_Registration---pair-input---2_o7S'

2023-03-11 00:26:59 - [TEST_STEP][PASSED] - click(findTestObject("Object Repository/m2u registration/Page_Maybank2u  Maybank Malaysia/img_PIN_Registration---radios---3V54f")): Object: 'Object Repository/m2u registration/Page_Maybank2u  Maybank Malaysia/img_PIN_Registration---radios---3V54f' is clicked on

2023-03-11 00:27:03 - [MESSAGE][PASSED] - Object: 'Object Repository/m2u registration/Page_Maybank2u  Maybank Malaysia/img_PIN_Registration---radios---3V54f' is clicked on

2023-03-11 00:27:03 - [TEST_STEP][PASSED] - click(findTestObject("Object Repository/m2u registration/Page_Maybank2u  Maybank Malaysia/button_CONTINUE")): Object: 'Object Repository/m2u registration/Page_Maybank2u  Maybank Malaysia/button_CONTINUE' is clicked on

2023-03-11 00:27:07 - [MESSAGE][PASSED] - Object: 'Object Repository/m2u registration/Page_Maybank2u  Maybank Malaysia/button_CONTINUE' is clicked on

2023-03-11 00:27:07 - [TEST_STEP][PASSED] - getText(findTestObject("Object Repository/m2u registration/Page_Maybank2u  Maybank Malaysia/span_Invalid Card Access Number")): Text of object 'Object Repository/m2u registration/Page_Maybank2u  Maybank Malaysia/span_Invalid Card Access Number' is: 'Invalid Card Access Number'

2023-03-11 00:27:12 - [MESSAGE][PASSED] - Text of object 'Object Repository/m2u registration/Page_Maybank2u  Maybank Malaysia/span_Invalid Card Access Number' is: 'Invalid Card Access Number'

2023-03-11 00:27:12 - [TEST_STEP][PASSED] - click(findTestObject("Object Repository/m2u registration/Page_Maybank2u  Maybank Malaysia/img_Join us and become a Maybank2u user tod_06317a")): Object: 'Object Repository/m2u registration/Page_Maybank2u  Maybank Malaysia/img_Join us and become a Maybank2u user tod_06317a' is clicked on

2023-03-11 00:27:30 - [MESSAGE][PASSED] - Object: 'Object Repository/m2u registration/Page_Maybank2u  Maybank Malaysia/img_Join us and become a Maybank2u user tod_06317a' is clicked on

2023-03-11 00:27:30 - [TEST_STEP][PASSED] - closeBrowser(): Browser is closed

2023-03-11 00:27:31 - [MESSAGE][PASSED] - Browser is closed]]></system-out>
         <system-err><![CDATA[]]></system-err>
      </testcase>
      <testcase name="Test Cases/Web Login/m2u home page" time="161.492" classname="Test Cases/Web Login/m2u home page" status="PASSED">
         <system-out><![CDATA[2023-03-11 00:31:09 - [TEST_CASE][PASSED] - Test Cases/Web Login/m2u home page: Test Cases/Web Login/m2u home page

2023-03-11 00:31:09 - [TEST_STEP][PASSED] - openBrowser(""): Browser is opened with url: ''

2023-03-11 00:31:09 - [MESSAGE][INFO] - User set preference: ['os', 'linux']

2023-03-11 00:31:09 - [MESSAGE][INFO] - User set preference: ['browserName', 'chrome']

2023-03-11 00:31:09 - [MESSAGE][INFO] - User set preference: ['browserVersion', '107']

2023-03-11 00:31:09 - [MESSAGE][INFO] - User set preference: ['katalon:option', '{organizationId=1112204, tunnelId=, usingTunnel=false}']

2023-03-11 00:31:09 - [MESSAGE][INFO] - Connecting to remote web server 'testcloud.katalon.com/hub' with type 'Selenium'

2023-03-11 00:31:09 - [MESSAGE][INFO] - Action delay is set to 0 milliseconds

2023-03-11 00:31:31 - [MESSAGE][PASSED] - Browser is opened with url: ''

2023-03-11 00:31:31 - [TEST_STEP][PASSED] - maximizeWindow(): Current window maximized

2023-03-11 00:31:32 - [MESSAGE][PASSED] - Current window maximized

2023-03-11 00:31:32 - [TEST_STEP][PASSED] - navigateToUrl("https://www.maybank2u.com.my/home/m2u/common/login.do"): Navigate to 'https://www.maybank2u.com.my/home/m2u/common/login.do' successfully

2023-03-11 00:31:36 - [MESSAGE][PASSED] - Navigate to 'https://www.maybank2u.com.my/home/m2u/common/login.do' successfully

2023-03-11 00:31:36 - [TEST_STEP][PASSED] - setText(findTestObject("Object Repository/Web Login/Page_Maybank2u  Maybank Malaysia/input_Humanising Financial Services_username"), findTestData("DevOps").getValue(1, 2)): Text 'mosajgohar2' is set on object 'Object Repository/Web Login/Page_Maybank2u  Maybank Malaysia/input_Humanising Financial Services_username'

2023-03-11 00:32:41 - [MESSAGE][PASSED] - Text 'mosajgohar2' is set on object 'Object Repository/Web Login/Page_Maybank2u  Maybank Malaysia/input_Humanising Financial Services_username'

2023-03-11 00:32:41 - [TEST_STEP][PASSED] - click(findTestObject("Object Repository/Web Login/Page_Maybank2u  Maybank Malaysia/button_LOGIN")): Object: 'Object Repository/Web Login/Page_Maybank2u  Maybank Malaysia/button_LOGIN' is clicked on

2023-03-11 00:33:14 - [MESSAGE][PASSED] - Object: 'Object Repository/Web Login/Page_Maybank2u  Maybank Malaysia/button_LOGIN' is clicked on

2023-03-11 00:33:14 - [TEST_STEP][PASSED] - click(findTestObject("Object Repository/Web Login/Page_Maybank2u  Maybank Malaysia/button_YES")): Object: 'Object Repository/Web Login/Page_Maybank2u  Maybank Malaysia/button_YES' is clicked on

2023-03-11 00:33:39 - [MESSAGE][PASSED] - Object: 'Object Repository/Web Login/Page_Maybank2u  Maybank Malaysia/button_YES' is clicked on

2023-03-11 00:33:39 - [TEST_STEP][PASSED] - setText(findTestObject("Object Repository/Web Login/Page_Maybank2u  Maybank Malaysia/input_Hello_my-password-input"), findTestData("DevOps").getValue(2, 1)): Text 'Mayesha@2' is set on object 'Object Repository/Web Login/Page_Maybank2u  Maybank Malaysia/input_Hello_my-password-input'

2023-03-11 00:33:46 - [MESSAGE][PASSED] - Text 'Mayesha@2' is set on object 'Object Repository/Web Login/Page_Maybank2u  Maybank Malaysia/input_Hello_my-password-input'

2023-03-11 00:33:46 - [TEST_STEP][PASSED] - delay(2): Delayed 2 second(s)

2023-03-11 00:33:48 - [MESSAGE][PASSED] - Delayed 2 second(s)

2023-03-11 00:33:48 - [TEST_STEP][PASSED] - closeBrowser(): Browser is closed

2023-03-11 00:33:51 - [MESSAGE][PASSED] - Browser is closed]]></system-out>
         <system-err><![CDATA[]]></system-err>
      </testcase>
      <system-out><![CDATA[2023-03-11 00:21:47 - [TEST_SUITE][FAILED] - Test suite folder 3: Test Cases/Web Login/m2u registration FAILED.
Reason:
com.kms.katalon.core.exception.StepFailedException: Unable to navigate to 'https://www.maybank2u.com.my/home/m2u/common/login.do' (Root cause: com.kms.katalon.core.exception.StepFailedException: Unable to navigate to 'https://www.maybank2u.com.my/home/m2u/common/login.do'
	at com.kms.katalon.core.webui.keyword.internal.WebUIKeywordMain.stepFailed(WebUIKeywordMain.groovy:64)
	at com.kms.katalon.core.webui.keyword.internal.WebUIKeywordMain.runKeyword(WebUIKeywordMain.groovy:26)
	at com.kms.katalon.core.webui.keyword.builtin.NavigateToUrlKeyword.navigateToUrl(NavigateToUrlKeyword.groovy:83)
	at com.kms.katalon.core.webui.keyword.builtin.NavigateToUrlKeyword.execute(NavigateToUrlKeyword.groovy:67)
	at com.kms.katalon.core.keyword.internal.KeywordExecutor.executeKeywordForPlatform(KeywordExecutor.groovy:74)
	at com.kms.katalon.core.webui.keyword.WebUiBuiltInKeywords.navigateToUrl(WebUiBuiltInKeywords.groovy:187)
	at com.kms.katalon.core.webui.keyword.WebUiBuiltInKeywords$navigateToUrl$1.call(Unknown Source)
	at m2u registration.run(m2u registration:24)
	at com.kms.katalon.core.main.ScriptEngine.run(ScriptEngine.java:194)
	at com.kms.katalon.core.main.ScriptEngine.runScriptAsRawText(ScriptEngine.java:119)
	at com.kms.katalon.core.main.TestCaseExecutor.runScript(TestCaseExecutor.java:448)
	at com.kms.katalon.core.main.TestCaseExecutor.doExecute(TestCaseExecutor.java:439)
	at com.kms.katalon.core.main.TestCaseExecutor.processExecutionPhase(TestCaseExecutor.java:418)
	at com.kms.katalon.core.main.TestCaseExecutor.accessMainPhase(TestCaseExecutor.java:410)
	at com.kms.katalon.core.main.TestCaseExecutor.execute(TestCaseExecutor.java:285)
	at com.kms.katalon.core.common.CommonExecutor.accessTestCaseMainPhase(CommonExecutor.java:65)
	at com.kms.katalon.core.main.TestSuiteExecutor.accessTestSuiteMainPhase(TestSuiteExecutor.java:151)
	at com.kms.katalon.core.main.TestSuiteExecutor.execute(TestSuiteExecutor.java:106)
	at com.kms.katalon.core.main.TestCaseMain.startTestSuite(TestCaseMain.java:185)
	at com.kms.katalon.core.main.TestCaseMain$startTestSuite$0.call(Unknown Source)
	at TempTestSuite1678465278736.run(TempTestSuite1678465278736.groovy:36)
Caused by: org.openqa.selenium.WebDriverException: Unable to execute request for an existing session: Unable to find session with ID: c2bd791eced1d463ddc41aef7b91a426
Build info: version: '4.1.2', revision: 'Unknown'
System info: host: 'testcloud-grid-sessions-75c4b67cbb-7sdzt', ip: '172.48.73.44', os.name: 'Linux', os.arch: 'amd64', os.version: '5.10.68', java.version: '11.0.11'
Driver info: driver.version: unknown
Build info: version: '4.1.2', revision: 'Unknown'
System info: host: 'testcloud-grid-router-7fd694bff8-7zbzn', ip: '172.48.145.187', os.name: 'Linux', os.arch: 'amd64', os.version: '5.10.68', java.version: '11.0.11'
Driver info: driver.version: unknown
Build info: version: '3.141.59', revision: 'e82be7d358', time: '2018-11-14T08:25:53'
System info: host: 'L181102205W10', ip: '192.168.174.129', os.name: 'Windows 10', os.arch: 'amd64', os.version: '10.0', java.version: '1.8.0_282'
Driver info: com.kms.katalon.selenium.driver.CRemoteWebDriver
Capabilities {acceptInsecureCerts: false, browserName: chrome, browserVersion: 107.0.5304.110, chrome: {chromedriverVersion: 107.0.5304.62 (1eec40d3a576..., userDataDir: /tmp/.com.google.Chrome.PpbE5d}, goog:chromeOptions: {debuggerAddress: localhost:44097}, javascriptEnabled: true, katalon:option: {apiKey: null, class: com.katalon.testcloud.grid...., deviceId: null, deviceVersion: null, group: null, jwt: eyJ0eXAiOiJKV1QiLCJhbGciOiJ..., organizationId: 1112204, runFromTestCloud: true, secret: null, teamId: null, tenant: null, tunnelMetadataId: null, unlimitedExecutionMinutes: true, userId: 407333, username: mohdmosaj.g@maybank.com, usingTunnel: false}, networkConnectionEnabled: false, pageLoadStrategy: normal, platform: LINUX, platformName: LINUX, proxy: Proxy(direct), requestId: 91af4132-43a2-43c0-829f-0a2..., se:cdp: ws://172.48.62.193:4444/ses..., se:cdpVersion: 107.0.5304.110, se:vnc: ws://172.48.62.193:4444/ses..., se:vncEnabled: true, se:vncLocalAddress: ws://172.48.62.193:7900, setWindowRect: true, strictFileInteractability: false, timeouts: {implicit: 0, pageLoad: 300000, script: 30000}, unhandledPromptBehavior: dismiss and notify, webauthn:extension:credBlob: true, webauthn:extension:largeBlob: true, webauthn:virtualAuthenticators: true}
Session ID: c2bd791eced1d463ddc41aef7b91a426
	at org.openqa.selenium.remote.http.W3CHttpResponseCodec.createException(W3CHttpResponseCodec.java:187)
	at org.openqa.selenium.remote.http.W3CHttpResponseCodec.decode(W3CHttpResponseCodec.java:122)
	at org.openqa.selenium.remote.http.W3CHttpResponseCodec.decode(W3CHttpResponseCodec.java:49)
	at org.openqa.selenium.remote.HttpCommandExecutor.execute(HttpCommandExecutor.java:158)
	at org.openqa.selenium.remote.RemoteWebDriver.execute(RemoteWebDriver.java:552)
	at com.kms.katalon.selenium.driver.CRemoteWebDriver.execute(CRemoteWebDriver.java:30)
	at org.openqa.selenium.remote.RemoteWebDriver.get(RemoteWebDriver.java:277)
	at org.openqa.selenium.remote.RemoteWebDriver$RemoteNavigation.to(RemoteWebDriver.java:857)
	at org.openqa.selenium.support.events.EventFiringWebDriver$EventFiringNavigation.to(EventFiringWebDriver.java:569)
	at com.kms.katalon.core.webui.keyword.builtin.NavigateToUrlKeyword$_navigateToUrl_closure1.doCall(NavigateToUrlKeyword.groovy:81)
	at com.kms.katalon.core.webui.keyword.builtin.NavigateToUrlKeyword$_navigateToUrl_closure1.call(NavigateToUrlKeyword.groovy)
	at com.kms.katalon.core.webui.keyword.internal.WebUIKeywordMain.runKeyword(WebUIKeywordMain.groovy:20)
	at com.kms.katalon.core.webui.keyword.builtin.NavigateToUrlKeyword.navigateToUrl(NavigateToUrlKeyword.groovy:83)
	at com.kms.katalon.core.webui.keyword.builtin.NavigateToUrlKeyword.execute(NavigateToUrlKeyword.groovy:67)
	at com.kms.katalon.core.keyword.internal.KeywordExecutor.executeKeywordForPlatform(KeywordExecutor.groovy:74)
	at com.kms.katalon.core.webui.keyword.WebUiBuiltInKeywords.navigateToUrl(WebUiBuiltInKeywords.groovy:187)
	at com.kms.katalon.core.webui.keyword.WebUiBuiltInKeywords$navigateToUrl$1.call(Unknown Source)
	at Script1676539932356.run(Script1676539932356.groovy:24)
	... 13 more
)
	at com.kms.katalon.core.keyword.internal.KeywordMain.stepFailed(KeywordMain.groovy:39)
	at com.kms.katalon.core.webui.keyword.internal.WebUIKeywordMain.stepFailed(WebUIKeywordMain.groovy:64)
	at com.kms.katalon.core.webui.keyword.internal.WebUIKeywordMain.runKeyword(WebUIKeywordMain.groovy:26)
	at com.kms.katalon.core.webui.keyword.builtin.NavigateToUrlKeyword.navigateToUrl(NavigateToUrlKeyword.groovy:83)
	at com.kms.katalon.core.webui.keyword.builtin.NavigateToUrlKeyword.execute(NavigateToUrlKeyword.groovy:67)
	at com.kms.katalon.core.keyword.internal.KeywordExecutor.executeKeywordForPlatform(KeywordExecutor.groovy:74)
	at com.kms.katalon.core.webui.keyword.WebUiBuiltInKeywords.navigateToUrl(WebUiBuiltInKeywords.groovy:187)
	at com.kms.katalon.core.webui.keyword.WebUiBuiltInKeywords$navigateToUrl$1.call(Unknown Source)
	at m2u registration.run(m2u registration:24)
	at com.kms.katalon.core.main.ScriptEngine.run(ScriptEngine.java:194)
	at com.kms.katalon.core.main.ScriptEngine.runScriptAsRawText(ScriptEngine.java:119)
	at com.kms.katalon.core.main.TestCaseExecutor.runScript(TestCaseExecutor.java:448)
	at com.kms.katalon.core.main.TestCaseExecutor.doExecute(TestCaseExecutor.java:439)
	at com.kms.katalon.core.main.TestCaseExecutor.processExecutionPhase(TestCaseExecutor.java:418)
	at com.kms.katalon.core.main.TestCaseExecutor.accessMainPhase(TestCaseExecutor.java:410)
	at com.kms.katalon.core.main.TestCaseExecutor.execute(TestCaseExecutor.java:285)
	at com.kms.katalon.core.common.CommonExecutor.accessTestCaseMainPhase(CommonExecutor.java:65)
	at com.kms.katalon.core.main.TestSuiteExecutor.accessTestSuiteMainPhase(TestSuiteExecutor.java:151)
	at com.kms.katalon.core.main.TestSuiteExecutor.execute(TestSuiteExecutor.java:106)
	at com.kms.katalon.core.main.TestCaseMain.startTestSuite(TestCaseMain.java:185)
	at com.kms.katalon.core.main.TestCaseMain$startTestSuite$0.call(Unknown Source)
	at TempTestSuite1678465278736.run(TempTestSuite1678465278736.groovy:36)
Caused by: com.kms.katalon.core.exception.StepFailedException: Unable to navigate to 'https://www.maybank2u.com.my/home/m2u/common/login.do'
	... 21 more
Caused by: org.openqa.selenium.WebDriverException: Unable to execute request for an existing session: Unable to find session with ID: c2bd791eced1d463ddc41aef7b91a426
Build info: version: '4.1.2', revision: 'Unknown'
System info: host: 'testcloud-grid-sessions-75c4b67cbb-7sdzt', ip: '172.48.73.44', os.name: 'Linux', os.arch: 'amd64', os.version: '5.10.68', java.version: '11.0.11'
Driver info: driver.version: unknown
Build info: version: '4.1.2', revision: 'Unknown'
System info: host: 'testcloud-grid-router-7fd694bff8-7zbzn', ip: '172.48.145.187', os.name: 'Linux', os.arch: 'amd64', os.version: '5.10.68', java.version: '11.0.11'
Driver info: driver.version: unknown
Build info: version: '3.141.59', revision: 'e82be7d358', time: '2018-11-14T08:25:53'
System info: host: 'L181102205W10', ip: '192.168.174.129', os.name: 'Windows 10', os.arch: 'amd64', os.version: '10.0', java.version: '1.8.0_282'
Driver info: com.kms.katalon.selenium.driver.CRemoteWebDriver
Capabilities {acceptInsecureCerts: false, browserName: chrome, browserVersion: 107.0.5304.110, chrome: {chromedriverVersion: 107.0.5304.62 (1eec40d3a576..., userDataDir: /tmp/.com.google.Chrome.PpbE5d}, goog:chromeOptions: {debuggerAddress: localhost:44097}, javascriptEnabled: true, katalon:option: {apiKey: null, class: com.katalon.testcloud.grid...., deviceId: null, deviceVersion: null, group: null, jwt: eyJ0eXAiOiJKV1QiLCJhbGciOiJ..., organizationId: 1112204, runFromTestCloud: true, secret: null, teamId: null, tenant: null, tunnelMetadataId: null, unlimitedExecutionMinutes: true, userId: 407333, username: mohdmosaj.g@maybank.com, usingTunnel: false}, networkConnectionEnabled: false, pageLoadStrategy: normal, platform: LINUX, platformName: LINUX, proxy: Proxy(direct), requestId: 91af4132-43a2-43c0-829f-0a2..., se:cdp: ws://172.48.62.193:4444/ses..., se:cdpVersion: 107.0.5304.110, se:vnc: ws://172.48.62.193:4444/ses..., se:vncEnabled: true, se:vncLocalAddress: ws://172.48.62.193:7900, setWindowRect: true, strictFileInteractability: false, timeouts: {implicit: 0, pageLoad: 300000, script: 30000}, unhandledPromptBehavior: dismiss and notify, webauthn:extension:credBlob: true, webauthn:extension:largeBlob: true, webauthn:virtualAuthenticators: true}
Session ID: c2bd791eced1d463ddc41aef7b91a426
	at org.openqa.selenium.remote.http.W3CHttpResponseCodec.createException(W3CHttpResponseCodec.java:187)
	at org.openqa.selenium.remote.http.W3CHttpResponseCodec.decode(W3CHttpResponseCodec.java:122)
	at org.openqa.selenium.remote.http.W3CHttpResponseCodec.decode(W3CHttpResponseCodec.java:49)
	at org.openqa.selenium.remote.HttpCommandExecutor.execute(HttpCommandExecutor.java:158)
	at org.openqa.selenium.remote.RemoteWebDriver.execute(RemoteWebDriver.java:552)
	at com.kms.katalon.selenium.driver.CRemoteWebDriver.execute(CRemoteWebDriver.java:30)
	at org.openqa.selenium.remote.RemoteWebDriver.get(RemoteWebDriver.java:277)
	at org.openqa.selenium.remote.RemoteWebDriver$RemoteNavigation.to(RemoteWebDriver.java:857)
	at org.openqa.selenium.support.events.EventFiringWebDriver$EventFiringNavigation.to(EventFiringWebDriver.java:569)
	at com.kms.katalon.core.webui.keyword.builtin.NavigateToUrlKeyword$_navigateToUrl_closure1.doCall(NavigateToUrlKeyword.groovy:81)
	at com.kms.katalon.core.webui.keyword.builtin.NavigateToUrlKeyword$_navigateToUrl_closure1.call(NavigateToUrlKeyword.groovy)
	at com.kms.katalon.core.webui.keyword.internal.WebUIKeywordMain.runKeyword(WebUIKeywordMain.groovy:20)
	... 19 more]]></system-out>
      <system-err><![CDATA[2023-03-11 00:21:47 - [TEST_SUITE][FAILED] - Test suite folder 3: Test Cases/Web Login/m2u registration FAILED.
Reason:
com.kms.katalon.core.exception.StepFailedException: Unable to navigate to 'https://www.maybank2u.com.my/home/m2u/common/login.do' (Root cause: com.kms.katalon.core.exception.StepFailedException: Unable to navigate to 'https://www.maybank2u.com.my/home/m2u/common/login.do'
	at com.kms.katalon.core.webui.keyword.internal.WebUIKeywordMain.stepFailed(WebUIKeywordMain.groovy:64)
	at com.kms.katalon.core.webui.keyword.internal.WebUIKeywordMain.runKeyword(WebUIKeywordMain.groovy:26)
	at com.kms.katalon.core.webui.keyword.builtin.NavigateToUrlKeyword.navigateToUrl(NavigateToUrlKeyword.groovy:83)
	at com.kms.katalon.core.webui.keyword.builtin.NavigateToUrlKeyword.execute(NavigateToUrlKeyword.groovy:67)
	at com.kms.katalon.core.keyword.internal.KeywordExecutor.executeKeywordForPlatform(KeywordExecutor.groovy:74)
	at com.kms.katalon.core.webui.keyword.WebUiBuiltInKeywords.navigateToUrl(WebUiBuiltInKeywords.groovy:187)
	at com.kms.katalon.core.webui.keyword.WebUiBuiltInKeywords$navigateToUrl$1.call(Unknown Source)
	at m2u registration.run(m2u registration:24)
	at com.kms.katalon.core.main.ScriptEngine.run(ScriptEngine.java:194)
	at com.kms.katalon.core.main.ScriptEngine.runScriptAsRawText(ScriptEngine.java:119)
	at com.kms.katalon.core.main.TestCaseExecutor.runScript(TestCaseExecutor.java:448)
	at com.kms.katalon.core.main.TestCaseExecutor.doExecute(TestCaseExecutor.java:439)
	at com.kms.katalon.core.main.TestCaseExecutor.processExecutionPhase(TestCaseExecutor.java:418)
	at com.kms.katalon.core.main.TestCaseExecutor.accessMainPhase(TestCaseExecutor.java:410)
	at com.kms.katalon.core.main.TestCaseExecutor.execute(TestCaseExecutor.java:285)
	at com.kms.katalon.core.common.CommonExecutor.accessTestCaseMainPhase(CommonExecutor.java:65)
	at com.kms.katalon.core.main.TestSuiteExecutor.accessTestSuiteMainPhase(TestSuiteExecutor.java:151)
	at com.kms.katalon.core.main.TestSuiteExecutor.execute(TestSuiteExecutor.java:106)
	at com.kms.katalon.core.main.TestCaseMain.startTestSuite(TestCaseMain.java:185)
	at com.kms.katalon.core.main.TestCaseMain$startTestSuite$0.call(Unknown Source)
	at TempTestSuite1678465278736.run(TempTestSuite1678465278736.groovy:36)
Caused by: org.openqa.selenium.WebDriverException: Unable to execute request for an existing session: Unable to find session with ID: c2bd791eced1d463ddc41aef7b91a426
Build info: version: '4.1.2', revision: 'Unknown'
System info: host: 'testcloud-grid-sessions-75c4b67cbb-7sdzt', ip: '172.48.73.44', os.name: 'Linux', os.arch: 'amd64', os.version: '5.10.68', java.version: '11.0.11'
Driver info: driver.version: unknown
Build info: version: '4.1.2', revision: 'Unknown'
System info: host: 'testcloud-grid-router-7fd694bff8-7zbzn', ip: '172.48.145.187', os.name: 'Linux', os.arch: 'amd64', os.version: '5.10.68', java.version: '11.0.11'
Driver info: driver.version: unknown
Build info: version: '3.141.59', revision: 'e82be7d358', time: '2018-11-14T08:25:53'
System info: host: 'L181102205W10', ip: '192.168.174.129', os.name: 'Windows 10', os.arch: 'amd64', os.version: '10.0', java.version: '1.8.0_282'
Driver info: com.kms.katalon.selenium.driver.CRemoteWebDriver
Capabilities {acceptInsecureCerts: false, browserName: chrome, browserVersion: 107.0.5304.110, chrome: {chromedriverVersion: 107.0.5304.62 (1eec40d3a576..., userDataDir: /tmp/.com.google.Chrome.PpbE5d}, goog:chromeOptions: {debuggerAddress: localhost:44097}, javascriptEnabled: true, katalon:option: {apiKey: null, class: com.katalon.testcloud.grid...., deviceId: null, deviceVersion: null, group: null, jwt: eyJ0eXAiOiJKV1QiLCJhbGciOiJ..., organizationId: 1112204, runFromTestCloud: true, secret: null, teamId: null, tenant: null, tunnelMetadataId: null, unlimitedExecutionMinutes: true, userId: 407333, username: mohdmosaj.g@maybank.com, usingTunnel: false}, networkConnectionEnabled: false, pageLoadStrategy: normal, platform: LINUX, platformName: LINUX, proxy: Proxy(direct), requestId: 91af4132-43a2-43c0-829f-0a2..., se:cdp: ws://172.48.62.193:4444/ses..., se:cdpVersion: 107.0.5304.110, se:vnc: ws://172.48.62.193:4444/ses..., se:vncEnabled: true, se:vncLocalAddress: ws://172.48.62.193:7900, setWindowRect: true, strictFileInteractability: false, timeouts: {implicit: 0, pageLoad: 300000, script: 30000}, unhandledPromptBehavior: dismiss and notify, webauthn:extension:credBlob: true, webauthn:extension:largeBlob: true, webauthn:virtualAuthenticators: true}
Session ID: c2bd791eced1d463ddc41aef7b91a426
	at org.openqa.selenium.remote.http.W3CHttpResponseCodec.createException(W3CHttpResponseCodec.java:187)
	at org.openqa.selenium.remote.http.W3CHttpResponseCodec.decode(W3CHttpResponseCodec.java:122)
	at org.openqa.selenium.remote.http.W3CHttpResponseCodec.decode(W3CHttpResponseCodec.java:49)
	at org.openqa.selenium.remote.HttpCommandExecutor.execute(HttpCommandExecutor.java:158)
	at org.openqa.selenium.remote.RemoteWebDriver.execute(RemoteWebDriver.java:552)
	at com.kms.katalon.selenium.driver.CRemoteWebDriver.execute(CRemoteWebDriver.java:30)
	at org.openqa.selenium.remote.RemoteWebDriver.get(RemoteWebDriver.java:277)
	at org.openqa.selenium.remote.RemoteWebDriver$RemoteNavigation.to(RemoteWebDriver.java:857)
	at org.openqa.selenium.support.events.EventFiringWebDriver$EventFiringNavigation.to(EventFiringWebDriver.java:569)
	at com.kms.katalon.core.webui.keyword.builtin.NavigateToUrlKeyword$_navigateToUrl_closure1.doCall(NavigateToUrlKeyword.groovy:81)
	at com.kms.katalon.core.webui.keyword.builtin.NavigateToUrlKeyword$_navigateToUrl_closure1.call(NavigateToUrlKeyword.groovy)
	at com.kms.katalon.core.webui.keyword.internal.WebUIKeywordMain.runKeyword(WebUIKeywordMain.groovy:20)
	at com.kms.katalon.core.webui.keyword.builtin.NavigateToUrlKeyword.navigateToUrl(NavigateToUrlKeyword.groovy:83)
	at com.kms.katalon.core.webui.keyword.builtin.NavigateToUrlKeyword.execute(NavigateToUrlKeyword.groovy:67)
	at com.kms.katalon.core.keyword.internal.KeywordExecutor.executeKeywordForPlatform(KeywordExecutor.groovy:74)
	at com.kms.katalon.core.webui.keyword.WebUiBuiltInKeywords.navigateToUrl(WebUiBuiltInKeywords.groovy:187)
	at com.kms.katalon.core.webui.keyword.WebUiBuiltInKeywords$navigateToUrl$1.call(Unknown Source)
	at Script1676539932356.run(Script1676539932356.groovy:24)
	... 13 more
)
	at com.kms.katalon.core.keyword.internal.KeywordMain.stepFailed(KeywordMain.groovy:39)
	at com.kms.katalon.core.webui.keyword.internal.WebUIKeywordMain.stepFailed(WebUIKeywordMain.groovy:64)
	at com.kms.katalon.core.webui.keyword.internal.WebUIKeywordMain.runKeyword(WebUIKeywordMain.groovy:26)
	at com.kms.katalon.core.webui.keyword.builtin.NavigateToUrlKeyword.navigateToUrl(NavigateToUrlKeyword.groovy:83)
	at com.kms.katalon.core.webui.keyword.builtin.NavigateToUrlKeyword.execute(NavigateToUrlKeyword.groovy:67)
	at com.kms.katalon.core.keyword.internal.KeywordExecutor.executeKeywordForPlatform(KeywordExecutor.groovy:74)
	at com.kms.katalon.core.webui.keyword.WebUiBuiltInKeywords.navigateToUrl(WebUiBuiltInKeywords.groovy:187)
	at com.kms.katalon.core.webui.keyword.WebUiBuiltInKeywords$navigateToUrl$1.call(Unknown Source)
	at m2u registration.run(m2u registration:24)
	at com.kms.katalon.core.main.ScriptEngine.run(ScriptEngine.java:194)
	at com.kms.katalon.core.main.ScriptEngine.runScriptAsRawText(ScriptEngine.java:119)
	at com.kms.katalon.core.main.TestCaseExecutor.runScript(TestCaseExecutor.java:448)
	at com.kms.katalon.core.main.TestCaseExecutor.doExecute(TestCaseExecutor.java:439)
	at com.kms.katalon.core.main.TestCaseExecutor.processExecutionPhase(TestCaseExecutor.java:418)
	at com.kms.katalon.core.main.TestCaseExecutor.accessMainPhase(TestCaseExecutor.java:410)
	at com.kms.katalon.core.main.TestCaseExecutor.execute(TestCaseExecutor.java:285)
	at com.kms.katalon.core.common.CommonExecutor.accessTestCaseMainPhase(CommonExecutor.java:65)
	at com.kms.katalon.core.main.TestSuiteExecutor.accessTestSuiteMainPhase(TestSuiteExecutor.java:151)
	at com.kms.katalon.core.main.TestSuiteExecutor.execute(TestSuiteExecutor.java:106)
	at com.kms.katalon.core.main.TestCaseMain.startTestSuite(TestCaseMain.java:185)
	at com.kms.katalon.core.main.TestCaseMain$startTestSuite$0.call(Unknown Source)
	at TempTestSuite1678465278736.run(TempTestSuite1678465278736.groovy:36)
Caused by: com.kms.katalon.core.exception.StepFailedException: Unable to navigate to 'https://www.maybank2u.com.my/home/m2u/common/login.do'
	... 21 more
Caused by: org.openqa.selenium.WebDriverException: Unable to execute request for an existing session: Unable to find session with ID: c2bd791eced1d463ddc41aef7b91a426
Build info: version: '4.1.2', revision: 'Unknown'
System info: host: 'testcloud-grid-sessions-75c4b67cbb-7sdzt', ip: '172.48.73.44', os.name: 'Linux', os.arch: 'amd64', os.version: '5.10.68', java.version: '11.0.11'
Driver info: driver.version: unknown
Build info: version: '4.1.2', revision: 'Unknown'
System info: host: 'testcloud-grid-router-7fd694bff8-7zbzn', ip: '172.48.145.187', os.name: 'Linux', os.arch: 'amd64', os.version: '5.10.68', java.version: '11.0.11'
Driver info: driver.version: unknown
Build info: version: '3.141.59', revision: 'e82be7d358', time: '2018-11-14T08:25:53'
System info: host: 'L181102205W10', ip: '192.168.174.129', os.name: 'Windows 10', os.arch: 'amd64', os.version: '10.0', java.version: '1.8.0_282'
Driver info: com.kms.katalon.selenium.driver.CRemoteWebDriver
Capabilities {acceptInsecureCerts: false, browserName: chrome, browserVersion: 107.0.5304.110, chrome: {chromedriverVersion: 107.0.5304.62 (1eec40d3a576..., userDataDir: /tmp/.com.google.Chrome.PpbE5d}, goog:chromeOptions: {debuggerAddress: localhost:44097}, javascriptEnabled: true, katalon:option: {apiKey: null, class: com.katalon.testcloud.grid...., deviceId: null, deviceVersion: null, group: null, jwt: eyJ0eXAiOiJKV1QiLCJhbGciOiJ..., organizationId: 1112204, runFromTestCloud: true, secret: null, teamId: null, tenant: null, tunnelMetadataId: null, unlimitedExecutionMinutes: true, userId: 407333, username: mohdmosaj.g@maybank.com, usingTunnel: false}, networkConnectionEnabled: false, pageLoadStrategy: normal, platform: LINUX, platformName: LINUX, proxy: Proxy(direct), requestId: 91af4132-43a2-43c0-829f-0a2..., se:cdp: ws://172.48.62.193:4444/ses..., se:cdpVersion: 107.0.5304.110, se:vnc: ws://172.48.62.193:4444/ses..., se:vncEnabled: true, se:vncLocalAddress: ws://172.48.62.193:7900, setWindowRect: true, strictFileInteractability: false, timeouts: {implicit: 0, pageLoad: 300000, script: 30000}, unhandledPromptBehavior: dismiss and notify, webauthn:extension:credBlob: true, webauthn:extension:largeBlob: true, webauthn:virtualAuthenticators: true}
Session ID: c2bd791eced1d463ddc41aef7b91a426
	at org.openqa.selenium.remote.http.W3CHttpResponseCodec.createException(W3CHttpResponseCodec.java:187)
	at org.openqa.selenium.remote.http.W3CHttpResponseCodec.decode(W3CHttpResponseCodec.java:122)
	at org.openqa.selenium.remote.http.W3CHttpResponseCodec.decode(W3CHttpResponseCodec.java:49)
	at org.openqa.selenium.remote.HttpCommandExecutor.execute(HttpCommandExecutor.java:158)
	at org.openqa.selenium.remote.RemoteWebDriver.execute(RemoteWebDriver.java:552)
	at com.kms.katalon.selenium.driver.CRemoteWebDriver.execute(CRemoteWebDriver.java:30)
	at org.openqa.selenium.remote.RemoteWebDriver.get(RemoteWebDriver.java:277)
	at org.openqa.selenium.remote.RemoteWebDriver$RemoteNavigation.to(RemoteWebDriver.java:857)
	at org.openqa.selenium.support.events.EventFiringWebDriver$EventFiringNavigation.to(EventFiringWebDriver.java:569)
	at com.kms.katalon.core.webui.keyword.builtin.NavigateToUrlKeyword$_navigateToUrl_closure1.doCall(NavigateToUrlKeyword.groovy:81)
	at com.kms.katalon.core.webui.keyword.builtin.NavigateToUrlKeyword$_navigateToUrl_closure1.call(NavigateToUrlKeyword.groovy)
	at com.kms.katalon.core.webui.keyword.internal.WebUIKeywordMain.runKeyword(WebUIKeywordMain.groovy:20)
	... 19 more]]></system-err>
   </testsuite>
</testsuites>
